# JRE version: OpenJDK Runtime Environment (11.0.10) (build 11.0.10+0-b96-7249189)
# Java VM: OpenJDK 64-Bit Server VM (11.0.10+0-b96-7249189, mixed mode, tiered, compressed oops, g1 gc, windows-amd64)
Heap:
 garbage-first heap   total 71680K, used 28385K [0x00000000c0000000, 0x0000000100000000)
  region size 1024K, 3 young (3072K), 2 survivors (2048K)
 Metaspace       used 43269K, capacity 44376K, committed 44620K, reserved 1093632K
  class space    used 5509K, capacity 5888K, committed 5964K, reserved 1048576K
GC Heap History (20 events):
Event: 4.042 GC heap before
{Heap before GC invocations=3 (full 0):
 garbage-first heap   total 71680K, used 43776K [0x00000000c0000000, 0x0000000100000000)
  region size 1024K, 33 young (33792K), 4 survivors (4096K)
 Metaspace       used 18761K, capacity 19193K, committed 19328K, reserved 1067008K
  class space    used 2242K, capacity 2371K, committed 2432K, reserved 1048576K
}
Event: 4.047 GC heap after
{Heap after GC invocations=4 (full 0):
 garbage-first heap   total 71680K, used 16532K [0x00000000c0000000, 0x0000000100000000)
  region size 1024K, 3 young (3072K), 3 survivors (3072K)
 Metaspace       used 18761K, capacity 19193K, committed 19328K, reserved 1067008K
  class space    used 2242K, capacity 2371K, committed 2432K, reserved 1048576K
}
Event: 4.269 GC heap before
{Heap before GC invocations=4 (full 0):
 garbage-first heap   total 71680K, used 31892K [0x00000000c0000000, 0x0000000100000000)
  region size 1024K, 19 young (19456K), 3 survivors (3072K)
 Metaspace       used 20645K, capacity 21089K, committed 21248K, reserved 1067008K
  class space    used 2506K, capacity 2689K, committed 2816K, reserved 1048576K
}
Event: 4.276 GC heap after
{Heap after GC invocations=5 (full 0):
 garbage-first heap   total 71680K, used 16993K [0x00000000c0000000, 0x0000000100000000)
  region size 1024K, 3 young (3072K), 3 survivors (3072K)
 Metaspace       used 20645K, capacity 21089K, committed 21248K, reserved 1067008K
  class space    used 2506K, capacity 2689K, committed 2816K, reserved 1048576K
}
Event: 4.664 GC heap before
{Heap before GC invocations=6 (full 0):
 garbage-first heap   total 71680K, used 48737K [0x00000000c0000000, 0x0000000100000000)
  region size 1024K, 34 young (34816K), 3 survivors (3072K)
 Metaspace       used 23766K, capacity 24375K, committed 24576K, reserved 1071104K
  class space    used 3031K, capacity 3256K, committed 3328K, reserved 1048576K
}
Event: 4.669 GC heap after
{Heap after GC invocations=7 (full 0):
 garbage-first heap   total 71680K, used 17795K [0x00000000c0000000, 0x0000000100000000)
  region size 1024K, 2 young (2048K), 2 survivors (2048K)
 Metaspace       used 23766K, capacity 24375K, committed 24576K, reserved 1071104K
  class space    used 3031K, capacity 3256K, committed 3328K, reserved 1048576K
}
Event: 5.054 GC heap before
{Heap before GC invocations=7 (full 0):
 garbage-first heap   total 71680K, used 49539K [0x00000000c0000000, 0x0000000100000000)
  region size 1024K, 33 young (33792K), 2 survivors (2048K)
 Metaspace       used 26760K, capacity 27426K, committed 27648K, reserved 1073152K
  class space    used 3522K, capacity 3788K, committed 3840K, reserved 1048576K
}
Event: 5.059 GC heap after
{Heap after GC invocations=8 (full 0):
 garbage-first heap   total 71680K, used 19003K [0x00000000c0000000, 0x0000000100000000)
  region size 1024K, 3 young (3072K), 3 survivors (3072K)
 Metaspace       used 26760K, capacity 27426K, committed 27648K, reserved 1073152K
  class space    used 3522K, capacity 3788K, committed 3840K, reserved 1048576K
}
Event: 5.884 GC heap before
{Heap before GC invocations=8 (full 0):
 garbage-first heap   total 71680K, used 51771K [0x00000000c0000000, 0x0000000100000000)
  region size 1024K, 35 young (35840K), 3 survivors (3072K)
 Metaspace       used 31000K, capacity 31717K, committed 31872K, reserved 1077248K
  class space    used 4143K, capacity 4408K, committed 4480K, reserved 1048576K
}
Event: 5.890 GC heap after
{Heap after GC invocations=9 (full 0):
 garbage-first heap   total 71680K, used 20601K [0x00000000c0000000, 0x0000000100000000)
  region size 1024K, 5 young (5120K), 5 survivors (5120K)
 Metaspace       used 31000K, capacity 31717K, committed 31872K, reserved 1077248K
  class space    used 4143K, capacity 4408K, committed 4480K, reserved 1048576K
}
Event: 6.294 GC heap before
{Heap before GC invocations=9 (full 0):
 garbage-first heap   total 71680K, used 31865K [0x00000000c0000000, 0x0000000100000000)
  region size 1024K, 17 young (17408K), 5 survivors (5120K)
 Metaspace       used 35016K, capacity 35801K, committed 35840K, reserved 1081344K
  class space    used 4534K, capacity 4833K, committed 4864K, reserved 1048576K
}
Event: 6.308 GC heap after
{Heap after GC invocations=10 (full 0):
 garbage-first heap   total 71680K, used 22923K [0x00000000c0000000, 0x0000000100000000)
  region size 1024K, 4 young (4096K), 4 survivors (4096K)
 Metaspace       used 35016K, capacity 35801K, committed 35840K, reserved 1081344K
  class space    used 4534K, capacity 4833K, committed 4864K, reserved 1048576K
}
Event: 6.909 GC heap before
{Heap before GC invocations=11 (full 0):
 garbage-first heap   total 71680K, used 54667K [0x00000000c0000000, 0x0000000100000000)
  region size 1024K, 35 young (35840K), 4 survivors (4096K)
 Metaspace       used 37191K, capacity 38106K, committed 38220K, reserved 1083392K
  class space    used 4800K, capacity 5127K, committed 5196K, reserved 1048576K
}
Event: 6.917 GC heap after
{Heap after GC invocations=12 (full 0):
 garbage-first heap   total 71680K, used 25043K [0x00000000c0000000, 0x0000000100000000)
  region size 1024K, 5 young (5120K), 5 survivors (5120K)
 Metaspace       used 37191K, capacity 38106K, committed 38220K, reserved 1083392K
  class space    used 4800K, capacity 5127K, committed 5196K, reserved 1048576K
}
Event: 7.650 GC heap before
{Heap before GC invocations=12 (full 0):
 garbage-first heap   total 71680K, used 57811K [0x00000000c0000000, 0x0000000100000000)
  region size 1024K, 35 young (35840K), 5 survivors (5120K)
 Metaspace       used 39683K, capacity 40562K, committed 40780K, reserved 1085440K
  class space    used 5059K, capacity 5391K, committed 5452K, reserved 1048576K
}
Event: 7.658 GC heap after
{Heap after GC invocations=13 (full 0):
 garbage-first heap   total 71680K, used 26860K [0x00000000c0000000, 0x0000000100000000)
  region size 1024K, 3 young (3072K), 3 survivors (3072K)
 Metaspace       used 39683K, capacity 40562K, committed 40780K, reserved 1085440K
  class space    used 5059K, capacity 5391K, committed 5452K, reserved 1048576K
}
Event: 7.993 GC heap before
{Heap before GC invocations=13 (full 0):
 garbage-first heap   total 71680K, used 56556K [0x00000000c0000000, 0x0000000100000000)
  region size 1024K, 32 young (32768K), 3 survivors (3072K)
 Metaspace       used 42848K, capacity 43858K, committed 43980K, reserved 1087488K
  class space    used 5443K, capacity 5822K, committed 5836K, reserved 1048576K
}
Event: 7.998 GC heap after
{Heap after GC invocations=14 (full 0):
 garbage-first heap   total 71680K, used 27971K [0x00000000c0000000, 0x0000000100000000)
  region size 1024K, 1 young (1024K), 1 survivors (1024K)
 Metaspace       used 42848K, capacity 43858K, committed 43980K, reserved 1087488K
  class space    used 5443K, capacity 5822K, committed 5836K, reserved 1048576K
}
Event: 8.055 GC heap before
{Heap before GC invocations=14 (full 0):
 garbage-first heap   total 71680K, used 34115K [0x00000000c0000000, 0x0000000100000000)
  region size 1024K, 8 young (8192K), 1 survivors (1024K)
 Metaspace       used 43239K, capacity 44248K, committed 44364K, reserved 1093632K
  class space    used 5506K, capacity 5888K, committed 5964K, reserved 1048576K
}
Event: 8.058 GC heap after
{Heap after GC invocations=15 (full 0):
 garbage-first heap   total 71680K, used 28385K [0x00000000c0000000, 0x0000000100000000)
  region size 1024K, 2 young (2048K), 2 survivors (2048K)
 Metaspace       used 43239K, capacity 44248K, committed 44364K, reserved 1093632K
  class space    used 5506K, capacity 5888K, committed 5964K, reserved 1048576K
}

