# JRE version: OpenJDK Runtime Environment (11.0.10) (build 11.0.10+0-b96-7249189)
# Java VM: OpenJDK 64-Bit Server VM (11.0.10+0-b96-7249189, mixed mode, tiered, compressed oops, g1 gc, windows-amd64)
Heap:
 garbage-first heap   total 86016K, used 54702K [0x00000000c0000000, 0x0000000100000000)
  region size 1024K, 10 young (10240K), 2 survivors (2048K)
 Metaspace       used 56255K, capacity 57619K, committed 57804K, reserved 1099776K
  class space    used 7061K, capacity 7568K, committed 7628K, reserved 1048576K
GC Heap History (20 events):
Event: 10.675 GC heap before
{Heap before GC invocations=8 (full 0):
 garbage-first heap   total 86016K, used 56050K [0x00000000c0000000, 0x0000000100000000)
  region size 1024K, 39 young (39936K), 3 survivors (3072K)
 Metaspace       used 33968K, capacity 34741K, committed 34944K, reserved 1079296K
  class space    used 4406K, capacity 4710K, committed 4736K, reserved 1048576K
}
Event: 10.688 GC heap after
{Heap after GC invocations=9 (full 0):
 garbage-first heap   total 86016K, used 21767K [0x00000000c0000000, 0x0000000100000000)
  region size 1024K, 5 young (5120K), 5 survivors (5120K)
 Metaspace       used 33968K, capacity 34741K, committed 34944K, reserved 1079296K
  class space    used 4406K, capacity 4710K, committed 4736K, reserved 1048576K
}
Event: 11.025 GC heap before
{Heap before GC invocations=9 (full 0):
 garbage-first heap   total 86016K, used 25863K [0x00000000c0000000, 0x0000000100000000)
  region size 1024K, 11 young (11264K), 5 survivors (5120K)
 Metaspace       used 34936K, capacity 35750K, committed 35840K, reserved 1081344K
  class space    used 4532K, capacity 4833K, committed 4864K, reserved 1048576K
}
Event: 11.032 GC heap after
{Heap after GC invocations=10 (full 0):
 garbage-first heap   total 86016K, used 23029K [0x00000000c0000000, 0x0000000100000000)
  region size 1024K, 2 young (2048K), 2 survivors (2048K)
 Metaspace       used 34936K, capacity 35750K, committed 35840K, reserved 1081344K
  class space    used 4532K, capacity 4833K, committed 4864K, reserved 1048576K
}
Event: 11.821 GC heap before
{Heap before GC invocations=11 (full 0):
 garbage-first heap   total 86016K, used 51701K [0x00000000c0000000, 0x0000000100000000)
  region size 1024K, 30 young (30720K), 2 survivors (2048K)
 Metaspace       used 37067K, capacity 37982K, committed 38220K, reserved 1083392K
  class space    used 4784K, capacity 5124K, committed 5196K, reserved 1048576K
}
Event: 11.826 GC heap after
{Heap after GC invocations=12 (full 0):
 garbage-first heap   total 86016K, used 24529K [0x00000000c0000000, 0x0000000100000000)
  region size 1024K, 3 young (3072K), 3 survivors (3072K)
 Metaspace       used 37067K, capacity 37982K, committed 38220K, reserved 1083392K
  class space    used 4784K, capacity 5124K, committed 5196K, reserved 1048576K
}
Event: 12.324 GC heap before
{Heap before GC invocations=12 (full 0):
 garbage-first heap   total 86016K, used 58321K [0x00000000c0000000, 0x0000000100000000)
  region size 1024K, 33 young (33792K), 3 survivors (3072K)
 Metaspace       used 39486K, capacity 40346K, committed 40524K, reserved 1085440K
  class space    used 5025K, capacity 5357K, committed 5452K, reserved 1048576K
}
Event: 12.330 GC heap after
{Heap after GC invocations=13 (full 0):
 garbage-first heap   total 86016K, used 26487K [0x00000000c0000000, 0x0000000100000000)
  region size 1024K, 5 young (5120K), 5 survivors (5120K)
 Metaspace       used 39486K, capacity 40346K, committed 40524K, reserved 1085440K
  class space    used 5025K, capacity 5357K, committed 5452K, reserved 1048576K
}
Event: 13.044 GC heap before
{Heap before GC invocations=13 (full 0):
 garbage-first heap   total 86016K, used 57207K [0x00000000c0000000, 0x0000000100000000)
  region size 1024K, 35 young (35840K), 5 survivors (5120K)
 Metaspace       used 42748K, capacity 43726K, committed 43980K, reserved 1087488K
  class space    used 5415K, capacity 5753K, committed 5836K, reserved 1048576K
}
Event: 13.050 GC heap after
{Heap after GC invocations=14 (full 0):
 garbage-first heap   total 86016K, used 27808K [0x00000000c0000000, 0x0000000100000000)
  region size 1024K, 4 young (4096K), 4 survivors (4096K)
 Metaspace       used 42748K, capacity 43726K, committed 43980K, reserved 1087488K
  class space    used 5415K, capacity 5753K, committed 5836K, reserved 1048576K
}
Event: 13.321 GC heap before
{Heap before GC invocations=14 (full 0):
 garbage-first heap   total 86016K, used 59552K [0x00000000c0000000, 0x0000000100000000)
  region size 1024K, 35 young (35840K), 4 survivors (4096K)
 Metaspace       used 45098K, capacity 46238K, committed 46412K, reserved 1089536K
  class space    used 5781K, capacity 6188K, committed 6220K, reserved 1048576K
}
Event: 13.328 GC heap after
{Heap after GC invocations=15 (full 0):
 garbage-first heap   total 86016K, used 29105K [0x00000000c0000000, 0x0000000100000000)
  region size 1024K, 3 young (3072K), 3 survivors (3072K)
 Metaspace       used 45098K, capacity 46238K, committed 46412K, reserved 1089536K
  class space    used 5781K, capacity 6188K, committed 6220K, reserved 1048576K
}
Event: 14.206 GC heap before
{Heap before GC invocations=15 (full 0):
 garbage-first heap   total 86016K, used 60849K [0x00000000c0000000, 0x0000000100000000)
  region size 1024K, 35 young (35840K), 3 survivors (3072K)
 Metaspace       used 47081K, capacity 48231K, committed 48460K, reserved 1091584K
  class space    used 5992K, capacity 6420K, committed 6476K, reserved 1048576K
}
Event: 14.212 GC heap after
{Heap after GC invocations=16 (full 0):
 garbage-first heap   total 86016K, used 30201K [0x00000000c0000000, 0x0000000100000000)
  region size 1024K, 4 young (4096K), 4 survivors (4096K)
 Metaspace       used 47081K, capacity 48231K, committed 48460K, reserved 1091584K
  class space    used 5992K, capacity 6420K, committed 6476K, reserved 1048576K
}
Event: 14.819 GC heap before
{Heap before GC invocations=16 (full 0):
 garbage-first heap   total 86016K, used 71161K [0x00000000c0000000, 0x0000000100000000)
  region size 1024K, 37 young (37888K), 4 survivors (4096K)
 Metaspace       used 48674K, capacity 50006K, committed 50252K, reserved 1093632K
  class space    used 6190K, capacity 6630K, committed 6732K, reserved 1048576K
}
Event: 14.828 GC heap after
{Heap after GC invocations=17 (full 0):
 garbage-first heap   total 86016K, used 45869K [0x00000000c0000000, 0x0000000100000000)
  region size 1024K, 5 young (5120K), 5 survivors (5120K)
 Metaspace       used 48674K, capacity 50006K, committed 50252K, reserved 1093632K
  class space    used 6190K, capacity 6630K, committed 6732K, reserved 1048576K
}
Event: 15.129 GC heap before
{Heap before GC invocations=17 (full 0):
 garbage-first heap   total 86016K, used 67373K [0x00000000c0000000, 0x0000000100000000)
  region size 1024K, 26 young (26624K), 5 survivors (5120K)
 Metaspace       used 51655K, capacity 53053K, committed 53196K, reserved 1095680K
  class space    used 6543K, capacity 7027K, committed 7116K, reserved 1048576K
}
Event: 15.135 GC heap after
{Heap after GC invocations=18 (full 0):
 garbage-first heap   total 86016K, used 47104K [0x00000000c0000000, 0x0000000100000000)
  region size 1024K, 1 young (1024K), 1 survivors (1024K)
 Metaspace       used 51655K, capacity 53053K, committed 53196K, reserved 1095680K
  class space    used 6543K, capacity 7027K, committed 7116K, reserved 1048576K
}
Event: 15.531 GC heap before
{Heap before GC invocations=19 (full 0):
 garbage-first heap   total 86016K, used 68608K [0x00000000c0000000, 0x0000000100000000)
  region size 1024K, 22 young (22528K), 1 survivors (1024K)
 Metaspace       used 54818K, capacity 56188K, committed 56396K, reserved 1097728K
  class space    used 6927K, capacity 7433K, committed 7500K, reserved 1048576K
}
Event: 15.535 GC heap after
{Heap after GC invocations=20 (full 0):
 garbage-first heap   total 86016K, used 47534K [0x00000000c0000000, 0x0000000100000000)
  region size 1024K, 2 young (2048K), 2 survivors (2048K)
 Metaspace       used 54818K, capacity 56188K, committed 56396K, reserved 1097728K
  class space    used 6927K, capacity 7433K, committed 7500K, reserved 1048576K
}

